Implement the following plan:

# Fix Mint Creation Fee Logic Review Issues

**Date:** 2026-02-21
**Source:** `.claude/logic-review-mint-creation-fee-20260221-report.md`

## Context

The logic review of the mint creation fee feature found 6 actionable issues (3 HIGH, 2 MEDIUM, 1 LOW). This plan addresses 5 of 6: the 3 HIGH issues, 1 MEDIUM (stale comment), and 1 LOW (SDK usability). Finding #2 (MEDIUM: rent_sponsor on-chain validation) is intentionally deferred -- fee_payer's signature provides consent, high-level SDK enforces correct PDA, and per-incident amount is 50k lamports.

## Task 1: Add create_mint + CompressAndCloseCMint mutual-exclusion guard [HIGH]

**File:** `programs/compressed-token/program/src/compressed_token/mint_action/accounts.rs`

Add guard after the existing check at line 451, before line 454:

```rust
// Validation: Cannot combine create_mint with CompressAndCloseCMint
if has_compress_and_close_cmint_action && parsed_instruction_data.create_mint.is_some() {
    msg!("Cannot combine create_mint with CompressAndCloseCMint");
    return Err(ErrorCode::CompressAndCloseCMintMustBeOnlyAction.into());
}
```

Reuse `CompressAndCloseCMintMustBeOnlyAction` (6169) since the semantics match: CompressAndCloseCMint cannot combine with create_mint.

## Task 2: Add defense-in-depth guard at IdempotentEarlyExit handler [HIGH]

**File:** `programs/compressed-token/program/src/compressed_token/mint_action/processor.rs`

Replace lines 162-167:

```rust
// Check for idempotent early exit - skip CPI and return success
if let Err(ref err) = result {
    if is_idempotent_early_exit(err) {
        return Ok(());
    }
}
```

With:

```rust
// Check for idempotent early exit - skip CPI and return success.
// create_mint must never use idempotent early exit (fee already charged).
if let Err(ref err) = result {
    if is_idempotent_early_exit(err) {
        if accounts_config.create_mint {
            return Err(ErrorCode::MintActionMissingExecutingAccounts.into());
        }
        return Ok(());
    }
}
```

Reuse `MintActionMissingExecutingAccounts` as a generic "this shouldn't happen" error. This is defense-in-depth only -- Task 1's guard prevents reaching here.

## Task 3: Fix broken test `test_write_to_cpi_context_create_mint` [HIGH]

**File:** `program-tests/compressed-token-test/tests/mint/cpi_context.rs`

The test at line 113-226 uses `new_mint()` (sets `create_mint`) with `first_set_context: true` (sets `write_to_cpi_context`). This combination is now rejected with error 6035. Update the test to expect the error:

Replace the `.expect("Failed to execute wrapper instruction")` at line 191 and the verification code after it with `assert_rpc_error(result, 0, 6035)`.

## Task 4: Fix broken randomized unit test oracle [HIGH]

**File:** `programs/compressed-token/program/tests/mint_action.rs`

The `check_if_config_should_error()` function (line 318-359) is missing the `create_mint.is_some() && write_to_cpi_context` error condition. The generator produces `create_mint=Some(...)` + `cpi_context` with randomized `first_set_context`, but the oracle doesn't predict the error.

In `check_if_config_should_error`, add:

```rust
let create_mint_with_cpi_write =
    instruction_data.create_mint.is_some() && write_to_cpi_context;
```

And update the return to:

```rust
has_mint_to_ctoken
    || (mint_decompressed && require_token_output_queue)
    || is_creating_mint
    || create_mint_with_cpi_write
```

Also: the randomized test asserts specifically `CpiContextSetNotUsable` (line 302), but new validation guards may produce different error codes (`CannotDecompressAndCloseInSameInstruction`, `CompressAndCloseCMintMustBeOnlyAction`). Since the random generator does NOT produce `DecompressMint` or `CompressAndCloseMint` actions (only 7 action types in `random_action()`), those new error codes won't fire. However, the new `create_mint + CompressAndCloseCMint` guard from Task 1 also won't fire since `CompressAndCloseMint` isn't generated. So only the `CpiContextSetNotUsable` assertion matters, and it's correct for the new condition.

## Task 5: Fix stale comment [MEDIUM]

**File:** `programs/compressed-token/program/src/compressed_token/mint_action/accounts.rs`

Replace comment at lines 22-24:

```rust
/// Note: mint_signer is not in executing accounts since create mint
/// is allowed in combination with write to cpi context.
```

With:

```rust
/// Seed for mint PDA derivation.
/// Required only for compressed mint creation.
/// Note: mint_signer is not in executing accounts since it is parsed
/// before the executing/cpi-write branch. create_mint is NOT allowed
/// in combination with write to cpi context (rejected in AccountsConfig::new).
```

## Task 6 (optional): Make rent_sponsor required in `new_create_mint()` [LOW]

**File:** `sdk-libs/compressed-token-sdk/src/compressed_token/v2/mint_action/account_metas.rs`

Add `rent_sponsor: Pubkey` parameter to `new_create_mint()` and set it directly instead of requiring `.with_rent_sponsor()`. Update all callers.

This is a usability improvement only -- the on-chain program already fails safely if rent_sponsor is missing.

## Verification

1. `cargo test -p light-compressed-token-program` -- unit tests including the fixed randomized oracle
2. `RUST_BACKTRACE=1 cargo test-sbf -p compressed-token-test -- --test mint --nocapture 2>&1 | tail -500` -- integration tests including the fixed CPI context test
3. `cargo check -p light-compressed-token-program` -- compile check for the program changes


If you need specific details from before exiting plan mode (like exact code snippets, error messages, or content you generated), read the full transcript at: /Users/ananas/.REDACTED.jsonl

---

<task-notification>
<task-id>b02f1c6</task-id>
<tool-use-id>REDACTED</tool-use-id>
<output-file>REDACTED.output</output-file>
<status>completed</status>
<summary>Background command "Run compressed-token-test mint integration tests" completed (exit code 0)</summary>
</task-notification>
Read the output file to retrieve the result: REDACTED.output

---

fetch all comments from the pr

---

skip 4, dont we have a test for 6 ?

---

- Comment 1 (Critical): On-chain rent_sponsor key validation against LIGHT_TOKEN_RENT_SPONSOR
isnt it checked agains the config?

---

load the config

---

This session is being continued from a previous conversation that ran out of context. The summary below covers the earlier portion of the conversation.

Analysis:
Let me chronologically analyze the conversation:

1. Initial request: User asked to implement a plan from `.claude/logic-review-mint-creation-fee-20260221-report.md` with 6 tasks (later 7 including verification).

2. Tasks 1-6 were the original plan items, Task 7 was verification. All were completed successfully.

3. User then asked to "fetch all comments from the pr" - PR #2309 on branch `jorrit/feat-add-mint-fee`.

4. I fetched PR comments from CodeRabbit bot - 6 inline review comments.

5. User said "skip 4, dont we have a test for 6?" - referring to Comment 4 (trivial doc comment) and Comment 6 (missing negative test). I confirmed the randomized test in `mint_action.rs` already covers Comment 6's scenario.

6. User then asked about Comment 1 (Critical - rent_sponsor key validation): "isnt it checked against the config?" - I investigated and found that decompress_mint validates rent_sponsor against config, but the create_mint fee path does NOT validate.

7. User said "load the config" - meaning load CompressibleConfig for create_mint path too.

8. I then started implementing the config loading for create_mint. This involved:
   - On-chain: Changed condition at line 105 in accounts.rs to also load config when `create_mint` is true
   - On-chain: Added rent_sponsor validation against config in processor.rs fee path
   - SDK: Added `compressible_config: Pubkey` parameter to `new_create_mint()`
   - Updated all callers (7 total across multiple files)
   - Added `compressible_config` field to `CreateMintInputs` struct
   - Updated test files

9. Integration tests failed with 18 failures - all showing "Account not mutable for 'rent_sponsor'" error. This is because the on-chain program now expects CompressibleConfig account for create_mint, but some test paths may use a different code path that doesn't pass config.

10. I was investigating the failure - looking at the `create_compressed_mint_instruction` function in `program-tests/utils/src/actions/legacy/instructions/create_mint.rs` which is called by the failing tests. This is a DIFFERENT function from the `create_mint_action_instruction` in `mint_action.rs` that I updated.

The key issue: There's a SEPARATE `create_compressed_mint_instruction` function in `create_mint.rs` (different from `mint_action.rs`) that I haven't updated yet. The failing tests go through `create_mint` -> `create_compressed_mint_instruction` (in create_mint.rs), NOT through `create_mint_action_instruction` (in mint_action.rs).

Let me trace the exact files modified and their state:

Files modified (completed tasks 1-6):
- `programs/compressed-token/program/src/compressed_token/mint_action/accounts.rs` - mutual exclusion guard, stale comment fix, config loading for create_mint
- `programs/compressed-token/program/src/compressed_token/mint_action/processor.rs` - defense-in-depth guard, rent_sponsor validation
- `program-tests/compressed-token-test/tests/mint/cpi_context.rs` - fixed test, updated callers
- `programs/compressed-token/program/tests/mint_action.rs` - fixed randomized test oracle
- `sdk-libs/compressed-token-sdk/src/compressed_token/v2/mint_action/account_metas.rs` - rent_sponsor + config required in new_create_mint
- `sdk-libs/compressed-token-sdk/src/compressed_token/v2/create_compressed_mint/instruction.rs` - added compressible_config to CreateMintInputs, updated caller
- `sdk-libs/token-sdk/src/instruction/create_mint.rs` - updated caller
- `sdk-libs/token-sdk/src/instruction/create_mints.rs` - updated 2 callers
- `program-tests/utils/src/actions/legacy/instructions/mint_action.rs` - updated caller
- `sdk-tests/sdk-token-test/tests/test_compress_full_and_close.rs` - updated CreateMintInputs
- `sdk-tests/sdk-token-test/tests/test_4_transfer2.rs` - updated CreateMintInputs

Current state: 18 integration test failures because there's likely another code path (`create_compressed_mint_instruction` in `create_mint.rs`) that hasn't been updated to pass the CompressibleConfig account. I was just about to investigate this when the summary was requested.

Summary:
1. Primary Request and Intent:
   The user asked to implement a plan fixing mint creation fee logic review issues from PR #2309 (branch `jorrit/feat-add-mint-fee`). The plan had 6 tasks (3 HIGH, 2 MEDIUM, 1 LOW). After completing these, the user asked to fetch PR comments, then address CodeRabbit review findings. Specifically:
   - Tasks 1-6: Original plan implementation (all completed)
   - Task 7: Verification (completed for original plan)
   - PR comment review: Skip comment 4, confirm comment 6 is already tested
   - Comment 1 (Critical): User confirmed rent_sponsor is NOT checked against config for create_mint path, said "load the config" to fix the vulnerability
   - Currently implementing the config-loading fix, which broke 18 integration tests

2. Key Technical Concepts:
   - Solana compressed token program (Light Protocol)
   - CompressibleConfig PDA account for rent_sponsor validation
   - MintAction instruction with AccountsConfig parsing
   - On-chain account ordering must match SDK `to_account_metas()` serialization
   - `next_config_account` consumes readonly account, `next_option_mut` consumes writable account
   - `cargo test-sbf` for integration tests, `cargo test -p` for unit tests
   - rent_sponsor fee bypass vulnerability: without key validation, caller can pass own wallet as rent_sponsor

3. Files and Code Sections:

   - **`programs/compressed-token/program/src/compressed_token/mint_action/accounts.rs`**
     - Core account parsing file. Modified for: mutual-exclusion guard (Task 1), stale comment fix (Task 5), config loading for create_mint (Comment 1 fix)
     - Added after line 451:
       ```rust
       // Validation: Cannot combine create_mint with CompressAndCloseCMint
       if has_compress_and_close_cmint_action && parsed_instruction_data.create_mint.is_some() {
           msg!("Cannot combine create_mint with CompressAndCloseCMint");
           return Err(ErrorCode::CompressAndCloseCMintMustBeOnlyAction.into());
       }
       ```
     - Changed config loading condition at line 105-106:
       ```rust
       let compressible_config = if config.create_mint || config.needs_compressible_accounts()
       {
           Some(next_config_account(&mut iter)?)
       } else {
           None
       };
       ```
     - Updated comments for `compressible_config` and `rent_sponsor` offset counting
     - Updated doc comment on `mint_signer` field (lines 21-25)

   - **`programs/compressed-token/program/src/compressed_token/mint_action/processor.rs`**
     - Fee charging and idempotent exit logic. Added defense-in-depth guard and rent_sponsor validation.
     - Added import: `use spl_pod::solana_msg::msg;`
     - Defense-in-depth at idempotent exit (lines 162-172):
       ```rust
       if let Err(ref err) = result {
           if is_idempotent_early_exit(err) {
               if accounts_config.create_mint {
                   return Err(ErrorCode::MintActionMissingExecutingAccounts.into());
               }
               return Ok(());
           }
       }
       ```
     - Rent sponsor validation in fee path (lines 49-66):
       ```rust
       if accounts_config.create_mint {
           let executing = validated_accounts.executing.as_ref()
               .ok_or(ErrorCode::MintActionMissingExecutingAccounts)?;
           let rent_sponsor = executing.rent_sponsor
               .ok_or(ErrorCode::MintActionMissingExecutingAccounts)?;
           let config = executing.compressible_config
               .ok_or(ErrorCode::MintActionMissingExecutingAccounts)?;
           if rent_sponsor.key() != &config.rent_sponsor.to_bytes() {
               msg!("Rent sponsor account does not match config");
               return Err(ErrorCode::InvalidRentSponsor.into());
           }
           transfer_lamports_via_cpi(MINT_CREATION_FEE, executing.system.fee_payer, rent_sponsor)
               .map_err(convert_program_error)?;
       }
       ```

   - **`programs/compressed-token/program/tests/mint_action.rs`**
     - Randomized unit test oracle. Added `create_mint_with_cpi_write` condition:
       ```rust
       let create_mint_with_cpi_write = instruction_data.create_mint.is_some();
       has_mint_to_ctoken
           || (mint_decompressed && require_token_output_queue)
           || is_creating_mint
           || create_mint_with_cpi_write
       ```

   - **`program-tests/compressed-token-test/tests/mint/cpi_context.rs`**
     - Integration test. Changed `test_write_to_cpi_context_create_mint` to expect error 6035 instead of success.
     - Removed unused `Indexer` import, added `CompressibleConfig` import
     - Updated `new_create_mint` call to include `compressible_config` and `rent_sponsor`

   - **`sdk-libs/compressed-token-sdk/src/compressed_token/v2/mint_action/account_metas.rs`**
     - SDK account meta builder. Added `compressible_config: Pubkey` and `rent_sponsor: Pubkey` as required params to `new_create_mint()`:
       ```rust
       pub fn new_create_mint(
           fee_payer: Pubkey,
           authority: Pubkey,
           mint_signer: Pubkey,
           address_tree: Pubkey,
           output_queue: Pubkey,
           compressible_config: Pubkey,
           rent_sponsor: Pubkey,
       ) -> Self {
           Self {
               // ...
               compressible_config: Some(compressible_config),
               rent_sponsor: Some(rent_sponsor),
               // ...
           }
       }
       ```

   - **`sdk-libs/compressed-token-sdk/src/compressed_token/v2/create_compressed_mint/instruction.rs`**
     - Added `compressible_config: Pubkey` field to `CreateMintInputs` struct
     - Updated `create_compressed_mint_cpi` to pass config to `new_create_mint`

   - **`sdk-libs/token-sdk/src/instruction/create_mint.rs`** - Updated `new_create_mint` call to pass `config_pda()`
   - **`sdk-libs/token-sdk/src/instruction/create_mints.rs`** - Updated two `new_create_mint` calls to pass `*self.compressible_config.key`
   - **`program-tests/utils/src/actions/legacy/instructions/mint_action.rs`** - Refactored to fetch config+rent_sponsor early, pass both to `new_create_mint`
   - **`sdk-tests/sdk-token-test/tests/test_compress_full_and_close.rs`** - Added `compressible_config: config_pda()` to CreateMintInputs
   - **`sdk-tests/sdk-token-test/tests/test_4_transfer2.rs`** - Added `config_pda` import and `compressible_config: config_pda()` to CreateMintInputs

4. Errors and Fixes:
   - **Typo `light_compiled_account`**: Accidentally wrote `light_compiled_account` instead of `light_compressed_account` in cpi_context.rs import. Fixed immediately.
   - **`msg!` macro not in scope**: Added `use spl_pod::solana_msg::msg;` to processor.rs.
   - **`assert_rpc_error` returns Result**: Added `.unwrap()` to the call.
   - **Non-unique edit string**: Had to include more context for `compressed_mint_address` rename in cpi_context.rs.
   - **18 integration test failures (CURRENT)**: After adding CompressibleConfig requirement for create_mint on-chain, tests fail with `Account not mutable.. for account 'rent_sponsor'` at the config account index. Root cause: there's a SEPARATE `create_compressed_mint_instruction` function in `program-tests/utils/src/actions/legacy/instructions/create_mint.rs` that most tests use, which hasn't been updated to pass the CompressibleConfig account. The error occurs because the on-chain parser now expects config (readonly) at position N, but the old SDK layout has rent_sponsor (writable) at that position.

5. Problem Solving:
   - Completed: Original 6 plan tasks + verification
   - Completed: PR comment triage (skip 4, confirm 6 is tested)
   - In Progress: Comment 1 (Critical) - rent_sponsor validation against CompressibleConfig. On-chain code and SDK are updated, but a separate legacy create_mint instruction builder (`create_compressed_mint_instruction` in `program-tests/utils/src/actions/legacy/instructions/create_mint.rs`) hasn't been updated, causing 18 test failures.

6. All User Messages:
   - "Implement the following plan: # Fix Mint Creation Fee Logic Review Issues..." (initial plan with 6 tasks)
   - "fetch all comments from the pr"
   - "skip 4, dont we have a test for 6?"
   - "Comment 1 (Critical): On-chain rent_sponsor key validation against LIGHT_TOKEN_RENT_SPONSOR isnt it checked against the config?"
   - "load the config"

7. Pending Tasks:
   - Fix the 18 failing integration tests by updating `program-tests/utils/src/actions/legacy/instructions/create_mint.rs` (the `create_compressed_mint_instruction` function) to include CompressibleConfig account for create_mint operations
   - Address remaining PR comments: Comment 2 (remove dead `create_compressed_mint_cpi_write`), Comment 3 (dedicated error code for missing rent_sponsor), Comment 5 (SDK-side rent_sponsor key validation)
   - Re-run integration tests after fixing

8. Current Work:
   Implementing Comment 1 (Critical) fix: on-chain rent_sponsor validation against CompressibleConfig for create_mint path. The on-chain program and SDK `new_create_mint()` have been updated to require and validate CompressibleConfig. However, 18 integration tests are failing because `create_compressed_mint_instruction` in `program-tests/utils/src/actions/legacy/instructions/create_mint.rs` (a DIFFERENT function from `create_mint_action_instruction` in `mint_action.rs`) hasn't been updated to pass the CompressibleConfig account. I was tracing this call path when the summary was requested. The function at line 29 of `create_mint.rs` is called by `create_mint()` in `program-tests/utils/src/actions/legacy/create_mint.rs:26` which is used by most failing tests.

9. Optional Next Step:
   Update `program-tests/utils/src/actions/legacy/instructions/create_mint.rs` - the `create_compressed_mint_instruction` function - to include CompressibleConfig account in the account metas for create_mint operations. This is the direct next step to fix the 18 test failures from the user's request to "load the config" for rent_sponsor validation.

If you need specific details from before compaction (like exact code snippets, error messages, or content you generated), read the full transcript at: /Users/ananas/.REDACTED.jsonl
Please continue the conversation from where we left off without asking the user any further questions. Continue with the last task that you were asked to work on.

---

[Request interrupted by user]

---

<task-notification>
<task-id>b7264e4</task-id>
<tool-use-id>toolu_01Kec63xj2DteoetRkjiG67Y</tool-use-id>
<output-file>REDACTED.output</output-file>
<status>completed</status>
<summary>Background command "Run compressed-token-test mint integration tests" completed (exit code 0)</summary>
</task-notification>
Read the output file to retrieve the result: REDACTED.output

---

[Request interrupted by user]

---

make it a failing test and assert failure

---

This session is being continued from a previous conversation that ran out of context. The summary below covers the earlier portion of the conversation.

Analysis:
Let me chronologically trace through this conversation to capture all important details.

1. The conversation starts with a continuation from a previous session. The previous session summary indicates:
   - Tasks 1-6 from a plan to fix mint creation fee logic review issues were completed
   - PR #2309 comments were reviewed
   - Comment 1 (Critical) about rent_sponsor validation against CompressibleConfig was being implemented
   - On-chain code and SDK were updated to require CompressibleConfig for create_mint
   - 18 integration tests were failing due to a separate `create_compressed_mint_instruction` function not being updated

2. In this session, I picked up from where the previous session left off:
   - Read `create_compressed_mint_instruction` in `program-tests/utils/src/actions/legacy/instructions/create_mint.rs` - it delegates to `create_mint_action_instruction` which was already updated
   - Read `create_mint` in `program-tests/utils/src/actions/legacy/create_mint.rs` - high-level function
   - Read the full `create_mint_action_instruction` in `mint_action.rs` - confirmed it already has config loading changes
   - Read the on-chain `accounts.rs` - confirmed changes for config loading when `create_mint` is true
   - Read the SDK `account_metas.rs` - confirmed `new_create_mint` has compressible_config and rent_sponsor parameters

3. Ran unit tests - all passed including randomized oracle
4. Ran integration tests - 23 failures (not 18 as before due to stale SBF binary)
5. Key discovery: The SBF binary was STALE. `cargo test-sbf` showed "Finished release profile in 0.24s" which was too fast
6. Force rebuilt with `cargo build-sbf --manifest-path` - took 2.98s, actually recompiled
7. After rebuild, `test_create_compressed_mint` passed
8. Full mint test suite: down to 2 failures (from 23)
9. Both failures in cpi_context tests that combine create_mint + write_to_cpi_context
   - `test_write_to_cpi_context_invalid_address_tree` - expected error 6105, now gets 6035
   - `test_write_to_cpi_context_invalid_compressed_address` - expected error 6171, now gets 6035
10. Fixed both by updating to expect error 6035 (CpiContextSetNotUsable)
11. Full mint test suite: ALL 36 PASS
12. Ran light_token tests: ALL 77 PASS
13. Ran sdk-token-test: `ctoken_pda` test FAILED with error 6035 (create_mint + write_to_cpi_context)
14. User interrupted and said "make it a failing test and assert failure"
15. Updated ctoken_pda test to assert_rpc_error with error 6035 - PASSES
16. Ran full sdk-token-test: `pda_ctoken` test FAILED with error 20005 (AccountAlreadyInitialized)
17. Investigated pda_ctoken - it uses execute mode (not write mode) with `first_set_context: false`
18. Error 20005 = AccountAlreadyInitialized - account ordering mismatch in CPI
19. Was looking at `MintActionCpiAccounts` struct when the summary was requested
20. The pda_ctoken test constructs CPI accounts manually via `MintActionCpiAccounts` which likely doesn't include `compressible_config`

Key files modified in this session:
- `program-tests/compressed-token-test/tests/mint/cpi_context.rs` - Updated 2 tests to expect error 6035
- `sdk-tests/sdk-token-test/tests/ctoken_pda.rs` - Changed from success assertion to error assertion

The pda_ctoken failure is different from the ctoken_pda failure:
- ctoken_pda used CPI context WRITE mode (first_set_context: true) -> rejected by validation
- pda_ctoken uses CPI context EXECUTE mode (first_set_context: false) -> fails during account parsing because MintActionCpiAccounts doesn't include compressible_config

I need to find and update `MintActionCpiAccounts` to include `compressible_config` in the account list when create_mint is true.

User messages:
1. The initial system message continuing from previous conversation
2. "[Request interrupted by user]" (twice)
3. "make it a failing test and assert failure"

Summary:
1. Primary Request and Intent:
   The user is implementing a mint creation fee feature for Light Protocol's compressed token program (PR #2309, branch `jorrit/feat-add-mint-fee`). The broader task involves:
   - Implementing fixes from a logic review report (6 tasks, all completed in previous session)
   - Addressing CodeRabbit PR review comments, specifically Comment 1 (Critical): adding on-chain rent_sponsor key validation against CompressibleConfig for the create_mint path
   - The user explicitly said "load the config" to fix the vulnerability where rent_sponsor wasn't validated against CompressibleConfig during mint creation
   - When the `ctoken_pda` test failed due to `create_mint + write_to_cpi_context` being rejected, the user explicitly said: **"make it a failing test and assert failure"**

2. Key Technical Concepts:
   - Solana compressed token program (Light Protocol) with SBF binary compilation
   - CompressibleConfig PDA account for rent_sponsor validation
   - MintAction instruction with AccountsConfig parsing (on-chain account ordering)
   - CPI context pattern: write phase (`first_set_context: true`) vs execute phase (`first_set_context: false`)
   - `create_mint + write_to_cpi_context` is rejected with error 6035 (CpiContextSetNotUsable)
   - `cargo test-sbf` for integration tests, `cargo build-sbf` for SBF binary rebuild
   - `next_config_account` reads CompressibleConfig (readonly) from account iterator
   - `next_option_mut` reads writable accounts like rent_sponsor
   - Account ordering: light_system_program, mint_signer, authority, [config], [cmint], [rent_sponsor], fee_payer, ...
   - Error codes: 6035=CpiContextSetNotUsable, 20002=AccountNotMutable, 20005=AccountAlreadyInitialized
   - `MintActionCpiAccounts` struct for manual CPI account construction (different from SDK `MintActionMetaConfig`)

3. Files and Code Sections:
   - **`programs/compressed-token/program/src/compressed_token/mint_action/accounts.rs`**
     - Core on-chain account parsing. Contains the condition that loads CompressibleConfig for create_mint:
     ```rust
     let compressible_config = if config.create_mint || config.needs_compressible_accounts()
     {
         Some(next_config_account(&mut iter)?)
     } else {
         None
     };
     ```
     - `needs_rent_sponsor()` returns true for `create_mint || needs_compressible_accounts()`
     - All changes from previous session confirmed present and working after SBF rebuild

   - **`sdk-libs/compressed-token-sdk/src/compressed_token/v2/mint_action/account_metas.rs`**
     - SDK account meta builder. `new_create_mint()` takes `compressible_config: Pubkey` and `rent_sponsor: Pubkey` as required params
     - `to_account_metas()` serializes: light_system_program, mint_signer, authority, [config], [mint], [rent_sponsor], fee_payer, cpi_authority, ...

   - **`program-tests/utils/src/actions/legacy/instructions/mint_action.rs`**
     - Test helper that fetches CompressibleConfig when `is_creating_mint` and passes config_address + rent_sponsor to `new_create_mint()`
     - Already updated in previous session, confirmed working

   - **`program-tests/compressed-token-test/tests/mint/cpi_context.rs`** (MODIFIED this session)
     - Updated `test_write_to_cpi_context_invalid_address_tree` (line ~282): changed from expecting error 6105 to 6035
     ```rust
     // Execute wrapper instruction - should fail because create_mint + write_to_cpi_context
     // is rejected (error 6035: CpiContextSetNotUsable) before address tree validation.
     assert_rpc_error(result, 0, 6035).unwrap();
     ```
     - Updated `test_write_to_cpi_context_invalid_compressed_address` (line ~376): changed from expecting error 6171 to 6035
     ```rust
     // Execute wrapper instruction - should fail because create_mint + write_to_cpi_context
     // is rejected (error 6035: CpiContextSetNotUsable) before mint signer validation.
     assert_rpc_error(result, 0, 6035).unwrap();
     ```

   - **`sdk-tests/sdk-token-test/tests/ctoken_pda.rs`** (MODIFIED this session)
     - Changed test from asserting success to asserting error 6035:
     ```rust
     use light_program_test::{
         utils::assert::assert_rpc_error, LightProgramTest, ProgramTestConfig, Rpc, RpcError,
     };
     // ...
     // create_mint + write_to_cpi_context is rejected because mint creation
     // charges a fee requiring the rent_sponsor account, which is not available
     // in the CPI context write path (error 6035: CpiContextSetNotUsable).
     let result = create_mint(
         &mut rpc, &mint_seed, decimals, &mint_authority_keypair,
         Some(freeze_authority), Some(token_metadata), &payer,
     ).await;
     assert_rpc_error(result, 0, 6035).unwrap();
     ```
     - Removed unused `AnchorDeserialize` import, kept `Indexer` import (needed by `create_mint` helper fn)

   - **`sdk-tests/sdk-token-test/src/pda_ctoken/mint.rs`** (READ, not modified)
     - Uses `MintActionCpiAccounts` struct to construct CPI accounts manually
     - Uses execute mode (`first_set_context: false`) NOT write mode
     - Includes `rent_sponsor` but likely missing `compressible_config`
     - This is the test program code causing the `pda_ctoken` test failure

   - **`sdk-tests/sdk-token-test/tests/pda_ctoken.rs`** (READ, not modified yet)
     - Fails with error 20005 (AccountAlreadyInitialized) - account ordering mismatch
     - The on-chain parser now expects CompressibleConfig at a position where a different account exists

   - **`programs/compressed-token/program/src/shared/config_account.rs`** (READ)
     - `next_config_account` calls `iter.next_non_mut("compressible config")` then validates owner, discriminator, and active state

4. Errors and fixes:
   - **Stale SBF binary (23 test failures)**: `cargo test-sbf` was using a cached binary that didn't include the config changes. Fixed by running `cargo build-sbf --manifest-path programs/compressed-token/program/Cargo.toml` which forced recompilation (2.98s vs 0.24s cached). After rebuild, most tests passed.
   - **CPI context tests expecting wrong error codes (2 failures)**: `test_write_to_cpi_context_invalid_address_tree` expected 6105, `test_write_to_cpi_context_invalid_compressed_address` expected 6171. Both now get 6035 because `create_mint + write_to_cpi_context` rejection happens first. Fixed by updating both tests to expect error 6035.
   - **ctoken_pda test failure (error 6035)**: Test combines create_mint with CPI context write mode. User said "make it a failing test and assert failure". Fixed by changing the test to assert `assert_rpc_error(result, 0, 6035)`.
   - **pda_ctoken test failure (error 20005 = AccountAlreadyInitialized)**: Test uses execute mode (not write mode) with manually constructed `MintActionCpiAccounts`. The struct likely doesn't include `compressible_config` account, causing account ordering mismatch. NOT YET FIXED.
   - **`cargo build-sbf -p` doesn't work**: The `-p` flag is not supported by `cargo-build-sbf`. Must use `--manifest-path` instead.

5. Problem Solving:
   - Solved: SBF binary cache issue by force rebuilding
   - Solved: CPI context error code mismatches by updating expected error codes
   - Solved: ctoken_pda test by converting to failure assertion per user instruction
   - In progress: pda_ctoken test failure - `MintActionCpiAccounts` needs `compressible_config` field for create_mint operations

6. All user messages:
   - (Initial continuation message with system reminders and previous session summary)
   - "[Request interrupted by user]" (first interruption)
   - "[Request interrupted by user]" (second interruption, with task notification about background command completing)
   - "make it a failing test and assert failure" (explicit instruction for handling ctoken_pda test)

7. Pending Tasks:
   - Fix `pda_ctoken` test failure (error 20005) - the `MintActionCpiAccounts` struct in the SDK needs a `compressible_config` field for create_mint operations, and the test program `pda_ctoken/mint.rs` needs to pass it
   - Run full sdk-token-test suite to check for any other failures
   - Run transfer2 tests to ensure nothing else is broken by the changes
   - Potentially address remaining PR comments (Comment 2: remove dead `create_compressed_mint_cpi_write`, Comment 3: dedicated error code for missing rent_sponsor, Comment 5: SDK-side rent_sponsor key validation)

8. Current Work:
   Fixing the `pda_ctoken` test in `sdk-tests/sdk-token-test/tests/pda_ctoken.rs`. This test fails with error 20005 (AccountAlreadyInitialized) because the on-chain account parser now expects a `compressible_config` account for create_mint, but `MintActionCpiAccounts` (used in `sdk-tests/sdk-token-test/src/pda_ctoken/mint.rs`) doesn't include it. I was searching for the `MintActionCpiAccounts` struct definition in the SDK when the summary was requested:
   ```
   Grep pattern="struct MintActionCpiAccounts" path=sdk-libs/compressed-token-sdk/src -> No files found
   ```

9. Optional Next Step:
   Find and update the `MintActionCpiAccounts` struct to include a `compressible_config` field. The struct is used in `sdk-tests/sdk-token-test/src/pda_ctoken/mint.rs` line 53 and needs to include the CompressibleConfig account in the correct position (after authority, before cmint/rent_sponsor) when constructing account metas for create_mint CPI calls. Search for it more broadly since it wasn't found in `sdk-libs/compressed-token-sdk/src`. Then update the `pda_ctoken/mint.rs` to pass the config account.

If you need specific details from before compaction (like exact code snippets, error messages, or content you generated), read the full transcript at: /Users/ananas/.REDACTED.jsonl
Please continue the conversation from where we left off without asking the user any further questions. Continue with the last task that you were asked to work on.

---

<task-notification>
<task-id>b8560e3</task-id>
<tool-use-id>REDACTED</tool-use-id>
<output-file>/private/tmp/claude-501/-Users-ananas-dev-light-protocol/tasks/b8560e3.output</output-file>
<status>completed</status>
<summary>Background command "Run full compressed-token-test suite" completed (exit code 0)</summary>
</task-notification>
Read the output file to retrieve the result: /private/tmp/claude-501/-Users-ananas-dev-light-protocol/tasks/b8560e3.output