
> @lightprotocol/forester@0.3.0 test:performance /Users/tsv/Developer/light-protocol/forester
> redis-start && TEST_MODE=local RUST_LOG=forester=debug,forester_utils=debug,light_prover_client=debug cargo test --package forester performance_test_prefilled_queues -- --nocapture

Redis is already running (PID: 50116)
    Blocking waiting for file lock on build directory
   Compiling proc-macro2 v1.0.101
   Compiling unicode-ident v1.0.19
   Compiling quote v1.0.41
   Compiling libc v0.2.177
   Compiling serde_core v1.0.228
   Compiling serde v1.0.228
   Compiling version_check v0.9.5
   Compiling typenum v1.19.0
   Compiling autocfg v1.5.0
   Compiling zerocopy v0.8.27
   Compiling syn v1.0.109
   Compiling getrandom v0.3.4
   Compiling winnow v0.7.13
   Compiling cfg_aliases v0.2.1
   Compiling borsh v1.5.7
   Compiling shlex v1.3.0
   Compiling generic-array v0.14.9
   Compiling ahash v0.8.12
   Compiling num-traits v0.2.19
   Compiling toml_parser v1.0.4
   Compiling find-msvc-tools v0.1.4
   Compiling getrandom v0.1.16
   Compiling thiserror v2.0.17
   Compiling serde_json v1.0.145
   Compiling thiserror v1.0.69
   Compiling feature-probe v0.1.1
   Compiling subtle v2.6.1
   Compiling crunchy v0.2.4
   Compiling crossbeam-utils v0.8.21
   Compiling toml_edit v0.23.7
   Compiling serde_bytes v0.11.19
   Compiling parking_lot_core v0.9.12
   Compiling memoffset v0.9.1
   Compiling pkg-config v0.3.32
   Compiling anyhow v1.0.100
   Compiling getrandom v0.2.16
   Compiling cpufeatures v0.2.17
   Compiling jobserver v0.1.34
   Compiling bv v0.11.1
   Compiling solana-decode-error v2.3.0
   Compiling syn v2.0.106
   Compiling num-integer v0.1.46
   Compiling proc-macro-crate v3.4.0
   Compiling solana-program-memory v2.2.1 (https://github.com/anza-xyz/solana-sdk?rev=1c1d667f161666f12f5a43ebef8eda9470a8c6ee#1c1d667f)
   Compiling block-buffer v0.10.4
   Compiling digest v0.9.0
   Compiling rand_core v0.6.4
   Compiling cc v1.2.41
   Compiling block-buffer v0.9.0
   Compiling keccak v0.1.5
   Compiling rand_core v0.5.1
   Compiling crypto-mac v0.8.0
   Compiling signal-hook-registry v1.4.6
   Compiling crypto-common v0.1.6
   Compiling socket2 v0.6.1
   Compiling libsecp256k1-core v0.2.2
   Compiling borsh-derive-internal v0.10.4
   Compiling borsh-schema-derive-internal v0.10.4
   Compiling sha2 v0.9.9
   Compiling hmac v0.8.1
   Compiling blake3 v1.8.2
   Compiling mio v1.0.4
   Compiling num-bigint v0.4.6
   Compiling serde_derive v1.0.228
   Compiling zerocopy-derive v0.8.27
   Compiling zeroize_derive v1.4.2
   Compiling bytemuck_derive v1.10.2
   Compiling borsh-derive v1.5.7
   Compiling thiserror-impl v2.0.17
   Compiling digest v0.10.7
   Compiling solana-sdk-macro v2.2.1
   Compiling thiserror-impl v1.0.69
   Compiling num-derive v0.4.2
   Compiling parking_lot v0.12.5
   Compiling libsecp256k1-gen-genmult v0.2.1
   Compiling libsecp256k1-gen-ecmult v0.2.1
   Compiling hmac-drbg v0.3.0
   Compiling tokio-macros v2.6.0
   Compiling zeroize v1.8.2
   Compiling bytemuck v1.24.0
   Compiling sha2 v0.10.9
   Compiling sha3 v0.10.8
   Compiling hmac v0.12.1
   Compiling libsecp256k1 v0.6.0
   Compiling pbkdf2 v0.11.0
   Compiling futures-macro v0.3.31
   Compiling synstructure v0.13.2
   Compiling displaydoc v0.2.5
   Compiling solana-seed-phrase v2.2.1
   Compiling tracing-attributes v0.1.30
   Compiling ring v0.17.14
   Compiling futures-util v0.3.31
   Compiling zerofrom-derive v0.1.6
   Compiling yoke-derive v0.8.0
   Compiling zerovec-derive v0.11.1
   Compiling tracing v0.1.41
   Compiling curve25519-dalek v3.2.0
   Compiling zerofrom v0.1.6
   Compiling inout v0.1.4
   Compiling universal-hash v0.5.1
   Compiling cipher v0.4.4
   Compiling paste v1.0.15
   Compiling httparse v1.10.1
   Compiling toml v0.5.11
   Compiling curve25519-dalek v4.1.3
   Compiling bincode v1.3.3
   Compiling bitflags v2.9.4
   Compiling proc-macro-crate v0.1.5
   Compiling serde-big-array v0.5.1
   Compiling solana-fee-calculator v2.2.1
   Compiling solana-short-vec v2.2.1
   Compiling borsh-derive v0.10.4
   Compiling bytes v1.10.1
   Compiling solana-serde-varint v2.2.2
   Compiling ppv-lite86 v0.2.21
   Compiling tokio v1.48.0
   Compiling rand_chacha v0.3.1
   Compiling hashbrown v0.13.2
   Compiling rand v0.8.5
   Compiling rand_chacha v0.2.2
   Compiling borsh v0.10.4
   Compiling rand v0.7.3
   Compiling ed25519-dalek v1.0.1
   Compiling solana-hash v2.3.0
   Compiling solana-big-mod-exp v2.2.1
   Compiling solana-signature v2.3.0
   Compiling solana-sha256-hasher v2.3.0
   Compiling solana-keccak-hasher v2.2.1
   Compiling solana-blake3-hasher v2.2.1
   Compiling aes v0.8.4
   Compiling ctr v0.9.2
   Compiling polyval v0.6.2
   Compiling aead v0.5.2
   Compiling openssl-src v300.5.3+3.5.4
   Compiling vcpkg v0.2.15
   Compiling merlin v3.0.0
   Compiling crossbeam-epoch v0.9.18
   Compiling aes-gcm-siv v0.11.1
   Compiling rayon-core v1.13.0
   Compiling solana-precompile-error v2.2.2
   Compiling crossbeam-deque v0.8.6
   Compiling openssl-sys v0.9.109
   Compiling icu_normalizer_data v2.0.0
   Compiling icu_properties_data v2.0.1
   Compiling openssl v0.10.73
   Compiling openssl-macros v0.1.1
   Compiling http v1.3.1
   Compiling core-foundation v0.9.4
   Compiling solana-secp256k1-recover v2.2.1
   Compiling security-framework-sys v2.15.0
   Compiling rustls-pki-types v1.12.0
   Compiling rustix v1.1.2
   Compiling errno v0.3.14
   Compiling rustls v0.23.32
   Compiling native-tls v0.2.14
   Compiling rustls-webpki v0.103.7
   Compiling security-framework v2.11.1
   Compiling http-body v1.0.1
   Compiling system-configuration-sys v0.6.0
   Compiling crc32fast v1.5.0
   Compiling toml_datetime v0.6.11
   Compiling serde_spanned v0.6.9
   Compiling enum-ordinalize-derive v4.3.1
   Compiling toml_write v0.1.2
   Compiling yoke v0.8.0
   Compiling enum-ordinalize v4.3.0
   Compiling toml_edit v0.22.27
   Compiling serde_urlencoded v0.7.1
   Compiling solana-curve25519 v2.3.13
   Compiling solana-cluster-type v2.2.1
   Compiling ark-serialize-derive v0.5.0
   Compiling memchr v2.7.6
   Compiling unicode-segmentation v1.12.0
   Compiling tokio-util v0.7.16
   Compiling heck v0.3.3
   Compiling toml v0.8.23
   Compiling h2 v0.4.12
   Compiling ark-ff-macros v0.5.0
   Compiling solana-pubkey v2.4.0
   Compiling solana-borsh v2.2.1
   Compiling ark-ff-asm v0.5.0
   Compiling tower v0.5.2
   Compiling rayon v1.11.0
   Compiling hyper v1.7.0
   Compiling cargo_toml v0.19.2
   Compiling http-body-util v0.1.3
   Compiling webpki-roots v1.0.3
   Compiling system-configuration v0.6.1
   Compiling crossbeam-channel v0.5.15
   Compiling flate2 v1.1.4
   Compiling ark-std v0.5.0
   Compiling compression-codecs v0.4.31
   Compiling ident_case v1.0.1
   Compiling async-compression v0.4.32
   Compiling darling_core v0.21.3
   Compiling tempfile v3.23.0
   Compiling tokio-rustls v0.26.4
   Compiling spl-discriminator-syn v0.2.1
   Compiling anchor-syn v0.31.1
   Compiling ed25519-dalek-bip32 v0.2.0
   Compiling ark-std v0.4.0
   Compiling darling_macro v0.21.3
   Compiling ark-serialize v0.5.0
   Compiling ark-serialize-derive v0.4.2
   Compiling solana-instruction v2.3.0
   Compiling solana-sdk-ids v2.2.1
   Compiling solana-nonce v2.2.1
   Compiling tokio-native-tls v0.3.1
   Compiling darling v0.21.3
   Compiling zerovec v0.11.4
   Compiling zerotrie v0.2.2
   Compiling rustversion v1.0.22
   Compiling solana-transaction-error v2.2.1
   Compiling solana-program-error v2.2.2
   Compiling solana-sysvar-id v2.2.1
   Compiling solana-system-interface v1.0.0
   Compiling solana-serialize-utils v2.2.1
   Compiling solana-bincode v2.2.1
   Compiling solana-stable-layout v2.2.1
   Compiling solana-loader-v2-interface v2.2.1
   Compiling solana-account-info v2.3.0
   Compiling solana-signer v2.2.1
   Compiling solana-epoch-schedule v2.2.1
   Compiling solana-clock v2.2.2
   Compiling solana-slot-hashes v2.2.1
   Compiling solana-rent v2.2.1
   Compiling solana-slot-history v2.2.1
   Compiling solana-last-restart-slot v2.2.1
   Compiling solana-epoch-rewards v2.2.1
   Compiling solana-message v2.4.0
   Compiling solana-program-pack v2.2.1
   Compiling solana-cpi v2.2.1
   Compiling solana-program-entrypoint v2.3.0
   Compiling solana-instructions-sysvar v2.2.2
   Compiling solana-loader-v4-interface v2.2.1
   Compiling solana-loader-v3-interface v5.0.0
   Compiling solana-zk-sdk v2.3.13
   Compiling educe v0.6.0
   Compiling hyper-util v0.1.17
   Compiling tower-http v0.6.6
   Compiling spl-discriminator-derive v0.2.0
   Compiling solana-keypair v2.2.3
   Compiling ark-serialize v0.4.2
   Compiling spl-discriminator v0.4.1
   Compiling hyper-tls v0.6.0
   Compiling ark-ff v0.5.0
   Compiling hyper-rustls v0.27.7
   Compiling anchor-lang-idl-spec v0.1.0
   Compiling ark-ff-macros v0.4.2
   Compiling serde_with_macros v3.15.0
   Compiling cfg_eval v0.1.2
   Compiling derivative v2.2.0
   Compiling ark-ff-asm v0.4.2
   Compiling serde_with v3.15.0
   Compiling gethostname v0.2.3
   Compiling anchor-lang-idl v0.1.2
   Compiling tinystr v0.8.1
   Compiling potential_utf v0.1.3
   Compiling solana-inflation v2.2.1
   Compiling icu_collections v2.0.0
   Compiling icu_locale_core v2.0.0
   Compiling num_enum_derive v0.7.4
   Compiling num-bigint v0.2.6
   Compiling icu_provider v2.0.0
   Compiling icu_normalizer v2.0.0
   Compiling icu_properties v2.0.1
   Compiling solana-stake-interface v1.2.1
   Compiling solana-vote-interface v2.2.6
   Compiling solana-address-lookup-table-interface v2.2.2
   Compiling solana-feature-set v2.2.5
   Compiling agave-feature-set v2.3.13
   Compiling anchor-attribute-program v0.31.1
   Compiling idna_adapter v1.2.1
   Compiling solana-sysvar v2.3.0
   Compiling solana-example-mocks v2.2.1
   Compiling solana-secp256k1-program v2.2.3
   Compiling solana-ed25519-program v2.2.3
   Compiling num_enum v0.7.4
   Compiling solana-fee-structure v2.3.0
   Compiling idna v1.1.0
   Compiling anchor-attribute-error v0.31.1
   Compiling solana-account v2.2.1
   Compiling anchor-derive-accounts v0.31.1
   Compiling anchor-derive-serde v0.31.1
   Compiling anchor-attribute-account v0.31.1
   Compiling anchor-attribute-constant v0.31.1
   Compiling url v2.5.7
   Compiling ark-ff v0.4.2
   Compiling anchor-attribute-access-control v0.31.1
   Compiling solana-feature-gate-interface v2.2.2
   Compiling solana-transaction-context v2.3.13
   Compiling anchor-attribute-event v0.31.1
   Compiling anchor-derive-space v0.31.1
   Compiling num-complex v0.2.4
   Compiling reqwest v0.12.24
   Compiling num-rational v0.2.4
   Compiling solana-commitment-config v2.2.1
   Compiling light-profiler-macro v0.1.1
   Compiling light-zero-copy-derive v0.5.0 (/Users/tsv/Developer/light-protocol/program-libs/zero-copy-derive)
   Compiling num-iter v0.1.45
   Compiling solana-metrics v2.3.13
   Compiling light-program-profiler v0.1.1
   Compiling light-macros v2.2.0 (/Users/tsv/Developer/light-protocol/program-libs/macros)
   Compiling light-zero-copy v0.5.0 (/Users/tsv/Developer/light-protocol/program-libs/zero-copy)
   Compiling futures-executor v0.3.31
   Compiling solana-reward-info v2.2.1
   Compiling zstd-sys v2.0.16+zstd.1.5.7
   Compiling solana-sha256-hasher v3.0.0
   Compiling signal-hook v0.3.18
   Compiling futures v0.3.31
   Compiling solana-address v1.0.0
   Compiling spl-memo v6.0.0
   Compiling http v0.2.12
   Compiling solana-program v2.3.0
   Compiling async-trait v0.1.89
   Compiling spl-pod v0.5.1
   Compiling enum-iterator-derive v1.5.0
   Compiling anchor-lang v0.31.1
   Compiling atty v0.2.14
   Compiling zstd-safe v7.2.4
   Compiling enum-iterator v1.5.0
   Compiling env_logger v0.9.3
   Compiling spl-type-length-value v0.7.0
   Compiling solana-pubkey v3.0.0
   Compiling solana-hard-forks v2.2.1
   Compiling spl-program-error-derive v0.4.1
   Compiling solana-system-interface v2.0.0
   Compiling solana-packet v2.2.1
   Compiling spl-program-error v0.6.0
   Compiling solana-sbpf v0.11.1
   Compiling chrono v0.4.42
   Compiling solana-shred-version v2.2.1
   Compiling solana-svm-callback v2.3.13
   Compiling light-account-checks v0.5.1 (/Users/tsv/Developer/light-protocol/program-libs/account-checks)
   Compiling solana-type-overrides v2.3.13
   Compiling solana-poh-config v2.2.1
   Compiling memmap2 v0.5.10
   Compiling solana-epoch-info v2.2.1
   Compiling portable-atomic v1.11.1
   Compiling num v0.2.1
   Compiling spl-token-metadata-interface v0.6.0
   Compiling spl-token-confidential-transfer-proof-extraction v0.2.1
   Compiling percentage v0.1.0
   Compiling spl-token-group-interface v0.5.0
   Compiling solana-nonce-account v2.2.1
   Compiling socket2 v0.5.10
   Compiling spl-elgamal-registry v0.1.1
   Compiling spl-token-confidential-transfer-ciphertext-arithmetic v0.2.1
   Compiling spl-generic-token v1.0.1
   Compiling rustls-webpki v0.101.7
   Compiling aligned-sized v1.1.0 (/Users/tsv/Developer/light-protocol/program-libs/aligned-sized)
   Compiling solana-version v2.3.13
   Compiling rustls v0.21.12
   Compiling sct v0.7.1
   Compiling solana-serde v2.2.1
   Compiling solana-quic-definitions v2.3.1
   Compiling solana-compute-budget-interface v2.2.2
   Compiling spl-token-confidential-transfer-proof-generation v0.3.0
   Compiling light-bounded-vec v2.0.1
   Compiling solana-logger v2.3.1
   Compiling kaigan v0.2.6
   Compiling pin-project-internal v1.1.10
   Compiling radium v0.7.0
   Compiling solana-genesis-config v2.3.0
   Compiling solana-config-program-client v0.0.2
   Compiling pin-project v1.1.10
   Compiling reqwest-middleware v0.4.2
   Compiling jsonrpc-core v18.0.0
   Compiling tinyvec v1.10.0
   Compiling light-hasher v5.0.0 (/Users/tsv/Developer/light-protocol/program-libs/hasher)
   Compiling solana-timings v2.3.13
   Compiling console v0.15.11
   Compiling http-body v0.4.6
   Compiling h2 v0.3.27
   Compiling tracing-serde v0.2.0
   Compiling qualifier_attr v0.2.2
   Compiling rand_core v0.9.3
   Compiling tracing-subscriber v0.3.20
   Compiling rand_chacha v0.9.0
   Compiling hyper v0.14.32
   Compiling spl-tlv-account-resolution v0.9.0
   Compiling light-sdk-macros v0.16.0 (/Users/tsv/Developer/light-protocol/sdk-libs/macros)
   Compiling solana-nostd-keccak v0.1.3
   Compiling spl-transfer-hook-interface v0.9.0
   Compiling enum-ordinalize v3.1.15
   Compiling unicode-xid v0.2.6
   Compiling system-configuration-sys v0.5.0
   Compiling solana-epoch-rewards-hasher v2.2.1
   Compiling synstructure v0.12.6
   Compiling educe v0.4.23
   Compiling spl-token v7.0.0
   Compiling solana-offchain-message v2.2.1
   Compiling rand v0.9.2
   Compiling spl-token-2022 v7.0.0
   Compiling solana-rent-collector v2.3.0
   Compiling solana-rent-debits v2.2.1
   Compiling solana-reserved-account-keys v2.2.2
   Compiling solana-presigner v2.2.1
   Compiling asn1-rs-derive v0.4.0
   Compiling spl-type-length-value v0.8.0
   Compiling indicatif v0.17.11
   Compiling solana-zk-token-sdk v2.3.13
   Compiling tokio-util v0.6.10
   Compiling tokio-rustls v0.24.1
   Compiling spl-program-error-derive v0.5.0
   Compiling sha1 v0.10.6
   Compiling asn1-rs-impl v0.1.0
   Compiling tarpc-plugins v0.12.0
   Compiling concurrent-queue v2.5.0
   Compiling libm v0.2.15
   Compiling spl-program-error v0.7.0
   Compiling hyper-rustls v0.24.2
   Compiling asn1-rs v0.5.2
   Compiling ark-poly v0.5.0
   Compiling hyper-tls v0.5.0
   Compiling agave-reserved-account-keys v2.3.13
   Compiling bitvec v1.0.1
   Compiling spl-associated-token-account-client v2.0.0
   Compiling quanta v0.12.6
   Compiling ark-ec v0.5.0
   Compiling core-foundation v0.10.1
   Compiling nix v0.30.1
   Compiling light-bloom-filter v0.5.0 (/Users/tsv/Developer/light-protocol/program-libs/bloom-filter)
   Compiling heck v0.5.0
   Compiling oid-registry v0.6.1
   Compiling opentelemetry v0.17.0
   Compiling ark-bn254 v0.5.0
   Compiling security-framework v3.5.1
   Compiling spl-token-confidential-transfer-proof-extraction v0.3.0
   Compiling light-poseidon v0.3.0
   Compiling spl-token-confidential-transfer-proof-generation v0.2.0
   Compiling uuid v1.18.1
   Compiling dlopen2_derive v0.3.0
   Compiling tracing-opentelemetry v0.17.4
   Compiling num_cpus v1.17.0
   Compiling quinn-udp v0.5.14
   Compiling zstd v0.13.3
   Compiling solana-perf v2.3.13
   Compiling light-indexed-array v0.3.0 (/Users/tsv/Developer/light-protocol/program-libs/indexed-array)
   Compiling light-concurrent-merkle-tree v4.0.1 (/Users/tsv/Developer/light-protocol/program-libs/concurrent-merkle-tree)
   Compiling light-hash-set v4.0.0 (/Users/tsv/Developer/light-protocol/program-libs/hash-set)
   Compiling solana-account-decoder-client-types v2.3.13
   Compiling light-merkle-tree-reference v4.0.0 (/Users/tsv/Developer/light-protocol/program-tests/merkle-tree)
   Compiling light-sparse-merkle-tree v0.3.0 (/Users/tsv/Developer/light-protocol/sparse-merkle-tree)
   Compiling solana-rayon-threadlimit v2.3.13
   Compiling dlopen2 v0.5.0
   Compiling light-indexed-merkle-tree v4.0.1 (/Users/tsv/Developer/light-protocol/program-libs/indexed-merkle-tree)
   Compiling photon-api v0.52.0 (/Users/tsv/Developer/light-protocol/sdk-libs/photon-api)
   Compiling spl-token-2022 v6.0.0
   Compiling system-configuration v0.5.1
   Compiling rustls-platform-verifier v0.6.1
   Compiling reqwest v0.11.27
   Compiling spl-elgamal-registry v0.2.0
   Compiling spl-token-metadata-interface v0.7.0
   Compiling tokio-serde v0.8.0
   Compiling spl-token v8.0.0
   Compiling spl-token-group-interface v0.6.0
   Compiling spl-token-confidential-transfer-ciphertext-arithmetic v0.3.1
   Compiling spl-token-confidential-transfer-proof-generation v0.4.1
   Compiling quinn v0.11.9
   Compiling event-listener v5.4.1
   Compiling spl-associated-token-account v6.0.0
   Compiling dashmap v5.5.3
   Compiling ark-poly v0.4.2
   Compiling webpki-roots v0.24.0
   Compiling solana-connection-cache v2.3.13
   Compiling fastbloom v0.14.0
   Compiling spl-token-confidential-transfer-proof-extraction v0.2.1 (https://github.com/Lightprotocol/token-2022?rev=06d12f50a06db25d73857d253b9a82857d6f4cdf#06d12f50)
   Compiling proc-macro-error-attr2 v2.0.0
   Compiling ark-ec v0.4.2
   Compiling async-channel v1.9.0
   Compiling quinn-proto v0.11.13
   Compiling spl-elgamal-registry v0.1.1 (https://github.com/Lightprotocol/token-2022?rev=06d12f50a06db25d73857d253b9a82857d6f4cdf#06d12f50)
   Compiling spl-tlv-account-resolution v0.10.0
   Compiling proc-macro-error2 v2.0.1
   Compiling tungstenite v0.20.1
   Compiling ark-bn254 v0.4.0
   Compiling governor v0.6.3
   Compiling spl-transfer-hook-interface v0.10.0
   Compiling solana-bn254 v2.2.2
   Compiling light-poseidon v0.2.0
   Compiling event-listener-strategy v0.5.4
   Compiling spl-token-confidential-transfer-proof-generation v0.3.0 (https://github.com/Lightprotocol/token-2022?rev=06d12f50a06db25d73857d253b9a82857d6f4cdf#06d12f50)
   Compiling spl-token-2022 v8.0.1
   Compiling groth16-solana v0.2.0
   Compiling spl-token-confidential-transfer-ciphertext-arithmetic v0.2.1 (https://github.com/Lightprotocol/token-2022?rev=06d12f50a06db25d73857d253b9a82857d6f4cdf#06d12f50)
   Compiling solana-poseidon v2.3.13
   Compiling tokio-tungstenite v0.20.1
   Compiling dashmap v6.1.0
   Compiling tokio-stream v0.1.17
   Compiling async-stream-impl v0.3.6
   Compiling spl-associated-token-account v7.0.0
   Compiling solana-net-utils v2.3.13
   Compiling spl-token-2022 v7.0.0 (https://github.com/Lightprotocol/token-2022?rev=06d12f50a06db25d73857d253b9a82857d6f4cdf#06d12f50)
   Compiling solana-account-decoder v2.3.13
   Compiling multer v2.1.0
   Compiling protobuf v2.28.0
   Compiling governor v0.8.1
   Compiling async-stream v0.3.6
   Compiling async-lock v3.4.1
   Compiling tungstenite v0.21.0
   Compiling bb8 v0.8.6
   Compiling headers-core v0.2.0
   Compiling prometheus v0.13.4
   Compiling kameo_macros v0.19.0
   Compiling tokio-tungstenite v0.21.0
   Compiling clap_derive v4.5.49
   Compiling async-channel v2.5.0
   Compiling headers v0.3.9
   Compiling tracing-appender v0.2.3
   Compiling kameo v0.19.2
   Compiling serial_test_derive v3.2.0
   Compiling clap v4.5.49
   Compiling serial_test v3.2.0
   Compiling solana-secp256r1-program v2.2.4
   Compiling solana-precompiles v2.2.2
   Compiling agave-precompiles v2.3.13
   Compiling solana-transaction v2.2.3
   Compiling solana-program-runtime v2.3.13 (https://github.com/Lightprotocol/agave?rev=3a9e4e0a4411df4d9961aaa7c9f190d3fa15bc21#3a9e4e0a)
   Compiling solana-transaction-status-client-types v2.3.13
   Compiling solana-client-traits v2.2.1
   Compiling solana-bpf-loader-program v2.3.13 (https://github.com/Lightprotocol/agave?rev=3a9e4e0a4411df4d9961aaa7c9f190d3fa15bc21#3a9e4e0a)
   Compiling solana-stake-program v2.3.13
   Compiling solana-vote-program v2.3.13
   Compiling solana-rpc-client-types v2.3.13
   Compiling solana-compute-budget-program v2.3.13
   Compiling solana-system-program v2.3.13
   Compiling solana-system-transaction v2.2.1
   Compiling solana-svm-transaction v2.3.13
   Compiling solana-rpc-client-api v2.3.13
   Compiling tarpc v0.29.0
   Compiling solana-zk-elgamal-proof-program v2.3.13
   Compiling solana-sdk v2.3.1
   Compiling solana-compute-budget v2.3.13
   Compiling solana-rpc-client v2.3.13
   Compiling solana-zk-token-proof-program v2.3.13
   Compiling solana-fee v2.3.13
   Compiling solana-transaction-metrics-tracker v2.3.13
   Compiling tabled_derive v0.11.0
   Compiling solana-pubsub-client v2.3.13
   Compiling solana-transaction-status v2.3.13
   Compiling solana-rpc-client-nonce-utils v2.3.13
   Compiling tabled v0.20.0
   Compiling solana-tpu-client v2.3.13
   Compiling der-parser v8.2.0
   Compiling solana-thin-client v2.3.13
   Compiling warp v0.3.7
   Compiling x509-parser v0.14.0
   Compiling solana-tls-utils v2.3.13
   Compiling solana-streamer v2.3.13
   Compiling solana-quic-client v2.3.13
   Compiling solana-udp-client v2.3.13
   Compiling solana-client v2.3.13
   Compiling solana-loader-v4-program v2.3.13
   Compiling solana-builtins-default-costs v2.3.13
   Compiling solana-builtins v2.3.13
   Compiling solana-compute-budget-instruction v2.3.13
   Compiling solana-banks-interface v2.3.13
   Compiling litesvm v0.7.1
   Compiling solana-banks-client v2.3.13
   Compiling light-compressed-account v0.6.2 (/Users/tsv/Developer/light-protocol/program-libs/compressed-account)
   Compiling light-heap v2.0.0 (/Users/tsv/Developer/light-protocol/program-libs/heap)
   Compiling anchor-spl v0.31.1
   Compiling light-compressible v0.1.0 (/Users/tsv/Developer/light-protocol/program-libs/compressible)
   Compiling light-merkle-tree-metadata v0.6.0 (/Users/tsv/Developer/light-protocol/program-libs/merkle-tree-metadata)
   Compiling light-sdk-types v0.16.0 (/Users/tsv/Developer/light-protocol/sdk-libs/sdk-types)
   Compiling light-verifier v5.0.0 (/Users/tsv/Developer/light-protocol/program-libs/verifier)
   Compiling light-prover-client v4.0.0 (/Users/tsv/Developer/light-protocol/prover/client)
   Compiling light-event v0.1.1 (/Users/tsv/Developer/light-protocol/sdk-libs/event)
   Compiling light-compressed-token-types v0.1.0 (/Users/tsv/Developer/light-protocol/sdk-libs/compressed-token-types)
   Compiling light-sdk-pinocchio v0.16.0 (/Users/tsv/Developer/light-protocol/sdk-libs/sdk-pinocchio)
   Compiling light-batched-merkle-tree v0.6.1 (/Users/tsv/Developer/light-protocol/program-libs/batched-merkle-tree)
   Compiling light-ctoken-types v0.1.0 (/Users/tsv/Developer/light-protocol/program-libs/ctoken-types)
   Compiling account-compression v2.0.0 (/Users/tsv/Developer/light-protocol/programs/account-compression)
   Compiling light-sdk v0.16.0 (/Users/tsv/Developer/light-protocol/sdk-libs/sdk)
   Compiling light-system-program-anchor v2.0.0 (/Users/tsv/Developer/light-protocol/anchor-programs/system)
   Compiling light-registry v2.0.0 (/Users/tsv/Developer/light-protocol/programs/registry)
   Compiling anchor-compressed-token v2.0.0 (/Users/tsv/Developer/light-protocol/programs/compressed-token/anchor)
   Compiling light-compressed-token-sdk v0.1.0 (/Users/tsv/Developer/light-protocol/sdk-libs/compressed-token-sdk)
   Compiling create-address-test-program v1.0.0 (/Users/tsv/Developer/light-protocol/program-tests/create-address-test-program)
   Compiling light-compressed-token v2.0.0 (/Users/tsv/Developer/light-protocol/programs/compressed-token/program)
   Compiling light-client v0.16.0 (/Users/tsv/Developer/light-protocol/sdk-libs/client)
   Compiling light-compressible-client v0.13.1 (/Users/tsv/Developer/light-protocol/sdk-libs/compressible-client)
   Compiling forester-utils v2.0.0 (/Users/tsv/Developer/light-protocol/forester-utils)
   Compiling light-token-client v0.1.0 (/Users/tsv/Developer/light-protocol/sdk-libs/token-client)
   Compiling light-program-test v0.16.0 (/Users/tsv/Developer/light-protocol/sdk-libs/program-test)
   Compiling light-test-utils v1.2.1 (/Users/tsv/Developer/light-protocol/program-tests/utils)
   Compiling forester v1.1.0 (/Users/tsv/Developer/light-protocol/forester)
error[E0308]: mismatched types
   --> program-tests/utils/src/e2e_test_env.rs:839:41
    |
839 | ...                   let (proof_a, proof_b, proof_c) =
    |                           ^^^^^^^^^^^^^^^^^^^^^^^^^^^ expected `Result<..., ...>`, found `(_, _, _)`
840 | ...                       proof_from_json_struct(proof_json);
    |                           ---------------------------------- this expression has type `Result<([u8; 64], [u8; 128], [u8; 64]), ProverClientError>`
    |
    = note: expected enum `Result<([u8; 64], [u8; 128], [u8; 64]), ProverClientError>`
              found tuple `(_, _, _)`
help: try wrapping the pattern in `Ok`
    |
839 |                                     let Ok((proof_a, proof_b, proof_c)) =
    |                                         +++                           +

error[E0308]: mismatched types
   --> program-tests/utils/src/e2e_test_env.rs:841:41
    |
841 | ...                   let (proof_a, proof_b, proof_c) =
    |                           ^^^^^^^^^^^^^^^^^^^^^^^^^^^ expected `Result<..., ...>`, found `(_, _, _)`
842 | ...                       compress_proof(&proof_a, &proof_b, &proof_c);
    |                           -------------------------------------------- this expression has type `Result<([u8; 32], [u8; 64], [u8; 32]), ProverClientError>`
    |
    = note: expected enum `Result<([u8; 32], [u8; 64], [u8; 32]), ProverClientError>`
              found tuple `(_, _, _)`
help: try wrapping the pattern in `Ok`
    |
841 |                                     let Ok((proof_a, proof_b, proof_c)) =
    |                                         +++                           +

For more information about this error, try `rustc --explain E0308`.
error: could not compile `light-test-utils` (lib) due to 2 previous errors
warning: build failed, waiting for other jobs to finish...
 ELIFECYCLE  Command failed with exit code 101.
